{"created_at":"Fri Nov 15 01:43:58 +0000 2013","user":{"screen_name":"mosercrna"},"text":"RT @iowahawkblog: Imagine if the Defense Dept gave $4 million government contracts to websites for promoting the Iraq war http://t.co/DF048…"}
{"created_at":"Fri Nov 15 01:44:03 +0000 2013","user":{"screen_name":"groundviews"},"text":"2. #lka Govt's Rottweiler diplomacy? @PresRajapaksa's bro says http://t.co/i0Za1QNqrN. Read reality http://t.co/0vToyjKDeK #CHOGM #srilanka"}
{"created_at":"Fri Nov 15 01:44:08 +0000 2013","user":{"screen_name":"cheapasyouare"},"text":"Our 'government' should die of shame: http://t.co/lGXg3gcxTy"}
{"created_at":"Fri Nov 15 01:44:10 +0000 2013","user":{"screen_name":"Eihseb"},"text":"RT @BostonDotCom: BREAKING NEWS: Obama naming Dr. Vivek Hallegere Murthy, a Harvard Medical School physician. as next surgeon general. http…"}
{"created_at":"Fri Nov 15 01:44:16 +0000 2013","user":{"screen_name":"emeyah"},"text":"RT @mckaycoppins: Good news for Obama as twitter pans his press conference: Most Americans aren't on twitter. Bad news: Most local media &amp; …"}
{"created_at":"Fri Nov 15 01:44:17 +0000 2013","user":{"screen_name":"sigstarget"},"text":"RT @Jami_USA: Obama today on the news: \"Death panels will be postponed until after the 2014 elections\". #tcot #Obamacare #ACA"}
{"created_at":"Fri Nov 15 01:44:27 +0000 2013","user":{"screen_name":"Skeedy_"},"text":"Punch News: Development project: The Chairman, Ijebu North East Local Government Area of Ogun State, Mr. Femi ... http://t.co/uCq9QrRFe7"}
{"created_at":"Fri Nov 15 01:44:27 +0000 2013","user":{"screen_name":"Skeedy_"},"text":"Punch News: FG trains more engineers for power sector: The Federal Government on Thursday inducted hundreds of... http://t.co/uPorj1eNZA"}
{"created_at":"Fri Nov 15 01:44:28 +0000 2013","user":{"screen_name":"Skeedy_"},"text":"Punch News: European bonds rise on Yellen testimony: European government bonds rose as Federal Reserve chairma... http://t.co/jFVSJgXO7L"}
{"created_at":"Fri Nov 15 01:44:32 +0000 2013","user":{"screen_name":"gldbug"},"text":"Obama's Ethanol Policies Have Scarred The Earth http://t.co/N4PV9soBkO #IBDEditorials via @IBDinvestors"}
{"created_at":"Fri Nov 15 01:44:38 +0000 2013","user":{"screen_name":"ClassyGlory"},"text":"#News Development project: The Chairman, Ijebu North East Local Government Area of Ogun S... http://t.co/pBXYOwlVLU ( Via @mobilepunch )"}
{"created_at":"Fri Nov 15 01:44:38 +0000 2013","user":{"screen_name":"ClassyGlory"},"text":"#News FG trains more engineers for power sector: The Federal Government on Thursday induc... http://t.co/nsAjLOs47t ( Via @mobilepunch )"}
{"created_at":"Fri Nov 15 01:44:38 +0000 2013","user":{"screen_name":"ClassyGlory"},"text":"#News European bonds rise on Yellen testimony: European government bonds rose as Federal ... http://t.co/kKCWjqPWu4 ( Via @mobilepunch )"}
{"created_at":"Fri Nov 15 01:44:40 +0000 2013","user":{"screen_name":"goldmansachs666"},"text":"THIS: \"A news conference worse than #Obamacare itself\" | Washington Post http://t.co/AsjULsSwCc #ACA"}
{"created_at":"Fri Nov 15 01:44:47 +0000 2013","user":{"screen_name":"MJBodary"},"text":"RT @Jami_USA: Obama today on the news: \"Death panels will be postponed until after the 2014 elections\". #tcot #Obamacare #ACA"}
{"created_at":"Fri Nov 15 01:44:47 +0000 2013","user":{"screen_name":"MervAdey"},"text":"RT @garymasonglobe: Colleague Mark Hume has an exclusive on the Pat Pimm affair - it's a head shaker #bcpoli   http://t.co/t8SysXGS27"}
{"created_at":"Fri Nov 15 01:44:48 +0000 2013","user":{"screen_name":"b_clough1"},"text":"Obamacare is previous policy holders a 1 yr grace period instead of kicking them off of the plan immediately http://t.co/XyGX2VkR9g #pols101"}
{"created_at":"Fri Nov 15 01:44:49 +0000 2013","user":{"screen_name":"HealthCareHeds"},"text":"Fox News:  Powers: Obama is basically just creating chaos with healthcare fix . More #HealthCare #news - http://t.co/LE6O90zfLz"}
{"created_at":"Fri Nov 15 01:44:52 +0000 2013","user":{"screen_name":"Tigerfists88"},"text":"(VIDEO) Pres. #Obama sums up poor journalism .@CBSNews➛ http://t.co/K8admCotor #news #p2 #TFB Obama #PeoplesChamp.!!✩"}
{"created_at":"Fri Nov 15 01:45:01 +0000 2013","user":{"screen_name":"bgpianoman"},"text":"RT @Jami_USA: Obama today on the news: \"Death panels will be postponed until after the 2014 elections\". #tcot #Obamacare #ACA"}
{"created_at":"Fri Nov 15 01:45:05 +0000 2013","user":{"screen_name":"Clouseau700"},"text":"Under Obama, U.S. No Longer Commands Global Order http://t.co/uQ4RLepyAB #IBDEditorials via @IBDinvestors"}
{"created_at":"Fri Nov 15 01:45:10 +0000 2013","user":{"screen_name":"SagamoreWealth"},"text":"Obama's Phony Cancellation Solution http://t.co/dmIwF8vqNT #IBDEditorials via @IBDinvestors"}
{"created_at":"Fri Nov 15 01:45:12 +0000 2013","user":{"screen_name":"TBChannel10"},"text":"NEWS FLASH! Pizza turf war in Bon Temps! Who will survive? @btpizzapalace or  @DominosBTM ?"}
{"created_at":"Fri Nov 15 01:45:21 +0000 2013","user":{"screen_name":"IranAware"},"text":"Surprise! Obama afraid of Iran http://t.co/6S7FYvJCum"}
{"created_at":"Fri Nov 15 01:45:21 +0000 2013","user":{"screen_name":"ttechsan"},"text":"RT @SenTedCruz: #ButWaitTheresMore The Obamacare website isn't the only thing not working. Americans are out of work, too: http://t.co/XrLX…"}
{"created_at":"Fri Nov 15 01:45:29 +0000 2013","user":{"screen_name":"Lorensccs"},"text":"RT @albertoyajure: Venezuela's \"economic war\" | The Economist | \n\nhttp://t.co/3TJytAWAoQ"}
{"created_at":"Fri Nov 15 01:45:33 +0000 2013","user":{"screen_name":"niamhcmj"},"text":"BBC News - Harold Jellicoe Percival: Hundreds attend war veteran's funeral http://t.co/dpDwddNAW9"}
{"created_at":"Fri Nov 15 01:45:39 +0000 2013","user":{"screen_name":"Yijungyon"},"text":"http://t.co/tKGmXoH3ec  \"U.S. President Obama, When visiting foreign countries 'tent' eavesdropping, wiretapping avoidance \"&lt;NYT news&gt; ....."}
{"created_at":"Fri Nov 15 01:45:39 +0000 2013","user":{"screen_name":"ProphecyNewsRep"},"text":"Latest Iran Israel War News - http://t.co/3sX89dcnGm http://t.co/1K5ZRlXUpK"}
{"created_at":"Fri Nov 15 01:45:44 +0000 2013","user":{"screen_name":"SpecialAgentJin"},"text":"RT @CNNMoney: Tina Turner isn't the only one dumping her U.S. citizenship. Others are, too, and kicking a bothersome tax bill. http://t.co/…"}
{"created_at":"Fri Nov 15 01:46:01 +0000 2013","user":{"screen_name":"LondonBizNews"},"text":"SE Asia Stocks-Most indexes higher amid Fed hopes; Indonesia leads: | Finance News http://t.co/9nA6sKopve"}
{"created_at":"Fri Nov 15 01:46:05 +0000 2013","user":{"screen_name":"RightOfCenterNC"},"text":"#NEWS Trump Tears Apart Obama Presser: His Entire Plan Is ‘Delay the Lie for One Year’ http://t.co/p8C4gU90nh"}
{"created_at":"Fri Nov 15 01:46:05 +0000 2013","user":{"screen_name":"longark"},"text":"RT @StarzandStrypz: Seriously, this is the most original, unintentionally funny thing I've read in ages: http://t.co/jUBncaBjba"}
{"created_at":"Fri Nov 15 01:46:13 +0000 2013","user":{"screen_name":"hammetjohn"},"text":"RT @Jami_USA: Obama today on the news: \"Death panels will be postponed until after the 2014 elections\". #tcot #Obamacare #ACA"}
{"created_at":"Fri Nov 15 01:46:15 +0000 2013","user":{"screen_name":"ahankell"},"text":"Obama torn to shreds on Fox News over Syria | @scoopit http://t.co/hhtykiVpi6"}
{"created_at":"Fri Nov 15 01:46:17 +0000 2013","user":{"screen_name":"ahankell"},"text":"Obama torn to shreds on Fox News over Syria http://t.co/6IGAksArvQ"}
{"created_at":"Fri Nov 15 01:46:18 +0000 2013","user":{"screen_name":"jasoncnsmith"},"text":"RT @mcpli: Amazing veteran fact of the week: One child of a Civil War vet is still alive &amp; receiving benefits. http://t.co/OSMMAxDoeA"}
{"created_at":"Fri Nov 15 01:46:26 +0000 2013","user":{"screen_name":"mariagxxx"},"text":"Deport them! An act of terror on Australian soil will be the fault of the gvmnt says Muslim cleric  http://t.co/wmCIOAvJ23"}
{"created_at":"Fri Nov 15 01:46:29 +0000 2013","user":{"screen_name":"KennethDurden"},"text":"RT @NewsNinja2012: BOOM!! Best EVER!! All Hail Neal Cavuto and His Destruction of Obama for Blaming Fox News for Problems! http://t.co/MFLq…"}
{"created_at":"Fri Nov 15 01:46:33 +0000 2013","user":{"screen_name":"cbuss5"},"text":"Obamacare plans cost more 'in many cases' even WITH government subsidies, administration admits for the first time - http://t.co/80FlZGqWWL"}
{"created_at":"Fri Nov 15 01:46:42 +0000 2013","user":{"screen_name":"ShiloAnderson1"},"text":"RT @gldbug: Obama's Ethanol Policies Have Scarred The Earth http://t.co/N4PV9soBkO #IBDEditorials via @IBDinvestors"}
{"created_at":"Fri Nov 15 01:47:08 +0000 2013","user":{"screen_name":"ShivaForJustice"},"text":"Hero or war criminal? Sri Lankan leader Mahinda Rajapaksa under pressure http://t.co/CtVpWD4aK7"}
{"created_at":"Fri Nov 15 01:47:13 +0000 2013","user":{"screen_name":"JDandAshbury"},"text":"REMEMBER WHAT YOU LEARNED IN GOVERNMENT CLASS GUYS, THE NEWS DOESN'T CARE FOR THE TRUTH, THEY JUST WANT A JUICY STORY TO MAKE MONEY"}
{"created_at":"Fri Nov 15 01:47:22 +0000 2013","user":{"screen_name":"perfectsliders"},"text":"#News: Video #Tunisia helps rebuild the relationship between citizens and the government. #Libya http://t.co/uIvw6GSIet"}
{"created_at":"Fri Nov 15 01:47:34 +0000 2013","user":{"screen_name":"iNews24"},"text":"In reversal, Obama to allow canceled health plans http://t.co/wSzxzamDMZ [AP #news]"}
{"created_at":"Fri Nov 15 01:47:39 +0000 2013","user":{"screen_name":"PeterDHofmann"},"text":"$RRC Welfare grants frozen as government chases savings http://t.co/xyeALiwrjv"}
{"created_at":"Fri Nov 15 01:47:42 +0000 2013","user":{"screen_name":"A_Robertson_Law"},"text":"RT @ValerieHolford: Obama nominates former @NAACP_LDF official Debo Adegbile to become the government's top civil rights attorney. Great ne…"}
{"created_at":"Fri Nov 15 01:47:52 +0000 2013","user":{"screen_name":"TimAllenMDJD"},"text":"RT @HealthCareHeds: Fox News:  Powers: Obama is basically just creating chaos with healthcare fix . More #HealthCare #news - http://t.co/LE…"}
{"created_at":"Fri Nov 15 01:48:02 +0000 2013","user":{"screen_name":"Pamelajb5"},"text":"Obama administration to nominate Murthy as surgeon general http://t.co/keFemsIlA9 via @modrnhealthcr"}
{"created_at":"Fri Nov 15 01:48:05 +0000 2013","user":{"screen_name":"LibertysArmyJr"},"text":"Obama claims ‘enforcement discretion’ to make #Obamacare changes-&gt; http://t.co/mqqmyAQrVO #CruzWasRight #tcot"}
{"created_at":"Fri Nov 15 01:48:06 +0000 2013","user":{"screen_name":"moosebuster2"},"text":"RT @daxtonbrown: Good News Comrades! Dear Leader only make drone strike against those who have worthless junk lives! Much better new Obama …"}
{"created_at":"Fri Nov 15 01:48:09 +0000 2013","user":{"screen_name":"traderfitness"},"text":"Fox News Poll: Half Say Obama 'Knowingly Lied' on Pledge!"}
{"created_at":"Fri Nov 15 01:48:27 +0000 2013","user":{"screen_name":"WashingtonDCTea"},"text":"RT @SpreadButter: Honor your Oathof Office-Preserve &amp; Protect Constitution by IMPEACHING Obama!\n\n@SpeakerBoehner @TGowdySC #news  #JusticeF…"}
{"created_at":"Fri Nov 15 01:48:29 +0000 2013","user":{"screen_name":"Hicks_4521"},"text":"RT @mariagxxx: Deport them! An act of terror on Australian soil will be the fault of the gvmnt says Muslim cleric  http://t.co/wmCIOAvJ23"}
{"created_at":"Fri Nov 15 01:48:32 +0000 2013","user":{"screen_name":"EngMZezo"},"text":"#obama Typhoon-struck Philippine city begins mass burial - Salt Lake Tribune: Typhoon-struck Philip... http://t.co/m6ehinxwDH #news #usa"}
{"created_at":"Fri Nov 15 01:48:32 +0000 2013","user":{"screen_name":"EngMZezo"},"text":"#obama White House to Allow Insurers to Continue Canceled Health Plans - Wall Street Journal: U.S. ... http://t.co/vmRdufsIVt #news #usa"}
{"created_at":"Fri Nov 15 01:48:32 +0000 2013","user":{"screen_name":"EngMZezo"},"text":"#obama Fatal Shooting of Black Woman Outside Detroit Stirs Racial Tensions - New York Times: New Yo... http://t.co/cqcEqNlviF #news #usa"}
{"created_at":"Fri Nov 15 01:48:32 +0000 2013","user":{"screen_name":"WillieMAlvarado"},"text":"#obama Typhoon-struck Philippine city begins mass burial - Salt Lake Tribune: Typhoon-struck Philip... http://t.co/TGFwdDaZVH #news #usa"}
{"created_at":"Fri Nov 15 01:48:33 +0000 2013","user":{"screen_name":"WillieMAlvarado"},"text":"#obama White House to Allow Insurers to Continue Canceled Health Plans - Wall Street Journal: U.S. ... http://t.co/c1nWqBadqY #news #usa"}
{"created_at":"Fri Nov 15 01:48:33 +0000 2013","user":{"screen_name":"WillieMAlvarado"},"text":"#obama Fatal Shooting of Black Woman Outside Detroit Stirs Racial Tensions - New York Times: New Yo... http://t.co/wDQDo3m9Yx #news #usa"}
{"created_at":"Fri Nov 15 01:48:38 +0000 2013","user":{"screen_name":"NewsInBeantown"},"text":"Obama Naming Harvard Medical School Physician As Surgeon General http://t.co/jtqSpeSzfo #Boston #News"}
{"created_at":"Fri Nov 15 01:48:47 +0000 2013","user":{"screen_name":"scf89"},"text":"Analysis – Humble-sounding Obama tries to climb out of healthcare hole | Kris Design News http://t.co/ZaLgh1cdnC"}
{"created_at":"Fri Nov 15 01:48:48 +0000 2013","user":{"screen_name":"macrossfan"},"text":"Obama concedes, announces changes to health care law http://t.co/bKMfSbPSiP via HawaiiFreePress #hawaii #news"}
{"created_at":"Fri Nov 15 01:48:50 +0000 2013","user":{"screen_name":"lauracococcia"},"text":"Conceivable! William Goldman's The Princess Bride Heading to the Stage - Theater News - Nov 11, 2013 http://t.co/y6yJszL5AC via @sharethis"}
{"created_at":"Fri Nov 15 01:49:03 +0000 2013","user":{"screen_name":"spopovich23"},"text":"Obama vows to fix health 'fumble' http://t.co/xEZWVwRZks"}
{"created_at":"Fri Nov 15 01:49:08 +0000 2013","user":{"screen_name":"CLossing"},"text":"I found this 'Obamacare Architect Emanuel: W...' http://t.co/1apZubfdNe in the RedFlag News App http://t.co/nLpEyhXIfq"}
{"created_at":"Fri Nov 15 01:49:12 +0000 2013","user":{"screen_name":"PaulMicRogers"},"text":"RT @JimOSullivan4: Obama claims ‘enforcement discretion’ to make Obamacare changes: More lawlessness from BHO…enough! http://t.co/wm7CacHvWS"}
{"created_at":"Fri Nov 15 01:49:13 +0000 2013","user":{"screen_name":"WesTurly"},"text":"RT @ObozoLies: Islamo Fascist Mullahs in Tehran have a Vested Interest for keeping Obama in the White House http://t.co/TUFYEs3pEa … http:/…"}
{"created_at":"Fri Nov 15 01:49:14 +0000 2013","user":{"screen_name":"preciousshanell"},"text":"Philippine Government 'Paralyzed' by Typhoon Aftermath | ABC News - Yahoo http://t.co/L30lhTapuc via @YahooNews"}
{"created_at":"Fri Nov 15 01:49:17 +0000 2013","user":{"screen_name":"sarahscustard"},"text":"\"Government's top business adviser, Maurice Newman, says Australia's minimum wage is too high\" http://t.co/2JBoiMyliB #GTFO #inequality"}
{"created_at":"Fri Nov 15 01:49:19 +0000 2013","user":{"screen_name":"Tigerfists88"},"text":"♢RT @TheDemocrats: Share this if you agree with Pres. Obama that the #TimeIsNow to pass #ImmigrationReform #news #p2 http://t.co/YVHyVVM5Tv"}
{"created_at":"Fri Nov 15 01:49:21 +0000 2013","user":{"screen_name":"0pdamNews"},"text":"http://t.co/WwiTkxYYiB The King's Speech: President Obama held a press conference today to ... http://t.co/ulxQctkSrV #nieuws #news #infO"}
{"created_at":"Fri Nov 15 01:49:29 +0000 2013","user":{"screen_name":"CLossing"},"text":"I found this 'Politico: Obama Told Staff To ...' http://t.co/qpW4Fzxh2J in the RedFlag News App http://t.co/nLpEyhXIfq"}
{"created_at":"Fri Nov 15 01:49:36 +0000 2013","user":{"screen_name":"longark"},"text":"RT @SpreadButter: Honor your Oathof Office-Preserve &amp; Protect Constitution by IMPEACHING Obama!\n\n@SpeakerBoehner @TGowdySC #news  #JusticeF…"}
{"created_at":"Fri Nov 15 01:49:40 +0000 2013","user":{"screen_name":"catonahill"},"text":"RT @Tigerfists88: ♢RT @TheDemocrats: Share this if you agree with Pres. Obama that the #TimeIsNow to pass #ImmigrationReform #news #p2 http…"}
{"created_at":"Fri Nov 15 01:49:40 +0000 2013","user":{"screen_name":"Leslie_canuck"},"text":"@Shawhelp we where allowed to drop fox news during the Afghanistan war was is this different"}
{"created_at":"Fri Nov 15 01:49:45 +0000 2013","user":{"screen_name":"Edge_Finder"},"text":"Venezuela’s “economic war”\nEverything must go… http://t.co/ywiL8uwLEM"}
{"created_at":"Fri Nov 15 01:49:50 +0000 2013","user":{"screen_name":"EricKjos"},"text":"@JoJoHensley I don't think so.  http://t.co/INStG9Pw8N"}
{"created_at":"Fri Nov 15 01:50:01 +0000 2013","user":{"screen_name":"Enviroflex"},"text":"Great news for @RenoAirport residential area, 5000 houses soundproofed as part of a so far 20 year fed. grant scheme. #congrats"}
{"created_at":"Fri Nov 15 01:50:01 +0000 2013","user":{"screen_name":"TheWorldNews247"},"text":"Yellen Defends Fed Stimulus Policy at Senate Confirmation Hearing | Watch: http://t.co/QyKYl2nwNq VOA News"}
{"created_at":"Fri Nov 15 01:50:14 +0000 2013","user":{"screen_name":"MrScottEddy"},"text":"Naval Officials Investigated In Alleged Plot To Charge Government $1.6 Million For $8,000 In Silencers http://t.co/jyCvTMNqaO #News"}
{"created_at":"Fri Nov 15 01:50:15 +0000 2013","user":{"screen_name":"deeishi"},"text":"Heartbreaking. I understand that the government is doing its best BUT THEY REALLY HAVE TO TRY MORE. :'( http://t.co/OdCHCbwxsr #YolandaPH"}
{"created_at":"Fri Nov 15 01:50:29 +0000 2013","user":{"screen_name":"purplegrrl"},"text":"RT @KateEllisMP: Is $880 mill school funding another Abbott Gov secret or Newman Gov fantasy? http://t.co/XtdepnM6Rp  http://t.co/r1X3ags5uF"}
{"created_at":"Fri Nov 15 01:50:32 +0000 2013","user":{"screen_name":"applam1"},"text":"Two Secret Service agents removed from Obama detail amid investigation, report says | Fox News http://t.co/gQ1qFt6y0Y via @foxnewspolitics"}
{"created_at":"Fri Nov 15 01:50:38 +0000 2013","user":{"screen_name":"KirklandTony"},"text":"@NYFedResearch  Watching from  Australia looks like US have agreed to sell $ AUDs. But behold the Asian markets say no. The support remains."}
{"created_at":"Fri Nov 15 01:50:56 +0000 2013","user":{"screen_name":"b111mac"},"text":"#PeaceInOurTime #Israel TV Ad Warns: 'Obama's March to War' - Israel National News #TCOT #CCOT http://t.co/U7LWETeglV"}
{"created_at":"Fri Nov 15 01:50:59 +0000 2013","user":{"screen_name":"Brey_Dee"},"text":"RT @JDandAshbury: REMEMBER WHAT YOU LEARNED IN GOVERNMENT CLASS GUYS, THE NEWS DOESN'T CARE FOR THE TRUTH, THEY JUST WANT A JUICY STORY TO …"}
{"created_at":"Fri Nov 15 01:51:11 +0000 2013","user":{"screen_name":"kjmathis"},"text":"RT @YoungCons: Cut Obama some slack guys, he didn't know #Obamacare was failing until he saw it on the news yesterday..."}
{"created_at":"Fri Nov 15 01:51:14 +0000 2013","user":{"screen_name":"FRamabama"},"text":"RT @RedScareBot: Politics of Fear RT @buckyworks Obama's Communist Party Endorsement\nhttp://t.co/74sI1C1ulE\nIt's old news but worth revisit…"}
{"created_at":"Fri Nov 15 01:51:21 +0000 2013","user":{"screen_name":"SLM420LOVE"},"text":"Legalized marijuana is ‘new tobacco industry’ http://t.co/puqI845Bqm http://t.co/Xs61oe2na9"}
{"created_at":"Fri Nov 15 01:51:22 +0000 2013","user":{"screen_name":"jillianwv"},"text":"RT @VernaCarre: I fully expect a #news show to soon open with the line: You people are just not going to #believe what #Obama said today."}
{"created_at":"Fri Nov 15 01:51:31 +0000 2013","user":{"screen_name":"elizabethwytat"},"text":"RT @MrScottEddy: Naval Officials Investigated In Alleged Plot To Charge Government $1.6 Million For $8,000 In Silencers http://t.co/jyCvTMN…"}
{"created_at":"Fri Nov 15 01:51:34 +0000 2013","user":{"screen_name":"mugunth"},"text":"Who are Sri Lanka's disappeared? - Channel 4 News http://t.co/YZrC1IkuTK #fb"}
{"created_at":"Fri Nov 15 01:51:40 +0000 2013","user":{"screen_name":"rjgnewdawn"},"text":"Philippine Government Critizises Foreign Press for Telling the Truth - News - Bubblews http://t.co/ggq8lVs6K0 #bubblews"}
{"created_at":"Fri Nov 15 01:51:40 +0000 2013","user":{"screen_name":"filippo_alex"},"text":"J.R. declares Twitter war on Pistons' Jennings - New York Daily News http://t.co/lCdzOSiyn7"}
{"created_at":"Fri Nov 15 01:51:42 +0000 2013","user":{"screen_name":"Tigerfists88"},"text":"♦(VIDEO): Pres. #Obama sees Likeness In Pyramids In Egypt &amp; Kids..'That Looks Like Me'➔ http://t.co/eOjBDy1QO3 #TFB#news Obama ☻#p2.✩"}
{"created_at":"Fri Nov 15 01:51:54 +0000 2013","user":{"screen_name":"Averagerenegade"},"text":"If Obama thought he was eating crow today at his news conference, he is wrong , it was only a hors d’oeuvre .."}
{"created_at":"Fri Nov 15 01:52:03 +0000 2013","user":{"screen_name":"OwnTaix"},"text":"RT @MrScottEddy: Naval Officials Investigated In Alleged Plot To Charge Government $1.6 Million For $8,000 In Silencers http://t.co/jyCvTMN…"}
{"created_at":"Fri Nov 15 01:52:04 +0000 2013","user":{"screen_name":"jackrunder"},"text":"http://t.co/XJejnljS2n Obama vows to fix health 'fumble'  #ff #news #uk #usa"}
{"created_at":"Fri Nov 15 01:52:07 +0000 2013","user":{"screen_name":"PCassidy177"},"text":"http://t.co/pVIenhMa4b"}
{"created_at":"Fri Nov 15 01:52:08 +0000 2013","user":{"screen_name":"MaineLobster_"},"text":"Maine health plans canceled as Obama unveils fix - Bangor Daily News http://t.co/DRAhETlGpd #maine #lobster"}
{"created_at":"Fri Nov 15 01:52:11 +0000 2013","user":{"screen_name":"MoodyBrew"},"text":"RT @SpreadButter: Honor your Oathof Office-Preserve &amp; Protect Constitution by IMPEACHING Obama!\n\n@SpeakerBoehner @TGowdySC #news  #JusticeF…"}
{"created_at":"Fri Nov 15 01:52:18 +0000 2013","user":{"screen_name":"Rhincodon_T"},"text":"Just saw ABC world news. Obama got smashed."}
{"created_at":"Fri Nov 15 01:52:20 +0000 2013","user":{"screen_name":"enochmulford11"},"text":"Maya Copa ? Barack Obama   did you guys listen to that news conference, were you getting stoned"}
{"created_at":"Fri Nov 15 01:52:25 +0000 2013","user":{"screen_name":"TexasGal317"},"text":"RT @Jason_Omega: Shorter Obama: I hate this country, and its history.  http://t.co/596ol2KdMn"}
{"created_at":"Fri Nov 15 01:52:25 +0000 2013","user":{"screen_name":"perfectsliders"},"text":"#News: Video #News NEW BREAKING Government Whistleblower Exposes MKUltra Conspiracy http://t.co/Fiybos1rHB"}
{"created_at":"Fri Nov 15 01:52:25 +0000 2013","user":{"screen_name":"elena_po_478886"},"text":"http://t.co/cPz1wsuYs8 #Текст elmer s war перевод 8 класс кауфман"}
{"created_at":"Fri Nov 15 01:52:26 +0000 2013","user":{"screen_name":"PopCultureYes"},"text":"One World Government - The Way Forward? - News -  Bubblews #bubblews  http://t.co/l2Rbmjz8Sd"}
{"created_at":"Fri Nov 15 01:52:34 +0000 2013","user":{"screen_name":"JoeVito1979"},"text":"At least Obama didnt blame Obamacare problems on a video, George Bush, the Tea Party or Fox News.  Thats plan B for next week."}
{"created_at":"Fri Nov 15 01:52:46 +0000 2013","user":{"screen_name":"sarahephinney"},"text":"War Memorials May Be Moved - Tristatehomepage-Eyewitness News: http://t.co/UJvqsXoOzn"}
{"created_at":"Fri Nov 15 01:52:59 +0000 2013","user":{"screen_name":"javaman47"},"text":"Photo: (via Philippine Government Critizises Foreign Press for Telling the Truth - News - Bubblews) http://t.co/Kzl7Q431jC"}
{"created_at":"Fri Nov 15 01:53:02 +0000 2013","user":{"screen_name":"celiaj02"},"text":"RT @cowboy_P12: TREY GOWDY..\"Are you going to believe what Obama tells you?...\" http://t.co/afv5KLBIXc"}
{"created_at":"Fri Nov 15 01:53:08 +0000 2013","user":{"screen_name":"KCS_Evangelsti"},"text":"RT @MrScottEddy: Naval Officials Investigated In Alleged Plot To Charge Government $1.6 Million For $8,000 In Silencers http://t.co/jyCvTMN…"}
{"created_at":"Fri Nov 15 01:53:11 +0000 2013","user":{"screen_name":"nnjteaparty"},"text":"RT @RadsDocDancer: President's Untruths Go Well Beyond \"Keep Your Plan\" http://t.co/7fVgPQmJj2 #IBDEditorials via @IBDinvestors"}
{"created_at":"Fri Nov 15 01:53:11 +0000 2013","user":{"screen_name":"BCmanutddesi"},"text":"Obama Loon Faults Fox News for AFA failure! Mental melt down on left!  http://t.co/FK4DNJFhiY via @sharethis"}
{"created_at":"Fri Nov 15 01:53:22 +0000 2013","user":{"screen_name":"b111mac"},"text":"#LNYHBT - Obama Easing #Iran Sanctions For 5 Months' - #TCOT #CCOT #Israel National News http://t.co/yqRcXzjjzM"}
{"created_at":"Fri Nov 15 01:53:26 +0000 2013","user":{"screen_name":"TheNewsRoundup"},"text":"In Reversal, Obama to Allow Canceled Health Plans - ABC News http://t.co/XQT0ccbPLd"}
{"created_at":"Fri Nov 15 01:53:32 +0000 2013","user":{"screen_name":"wperel"},"text":"Critics from both sides of the aisle take on Obama's health care 'fix', http://t.co/VYbiZn1qkC - Sent via the FOX News Android App."}
{"created_at":"Fri Nov 15 01:53:34 +0000 2013","user":{"screen_name":"martylawson"},"text":"RT @Jami_USA: Obama today on the news: \"Death panels will be postponed until after the 2014 elections\". #tcot #Obamacare #ACA"}
{"created_at":"Fri Nov 15 01:53:40 +0000 2013","user":{"screen_name":"binggreen"},"text":"Lie to me 36 times but you'll take care of it this time right ? Obama's 'fix' | Fox News http://t.co/jqGm9BahOy via @foxnewspolitics"}
{"created_at":"Fri Nov 15 01:53:47 +0000 2013","user":{"screen_name":"Tigerfists88"},"text":"(VIDEO) Pres. #Obama sums up poor journalism .@CBSNews➛ http://t.co/K8admCotor #news #p2 #TFB Obama #PeoplesChamp.!!"}
{"created_at":"Fri Nov 15 01:53:48 +0000 2013","user":{"screen_name":"ObamaInTheNews"},"text":"Fox News:  Critics from both sides of the aisle take on Obamas health care fix . More #Obama #news - http://t.co/BtJfOBh8Me"}
{"created_at":"Fri Nov 15 01:53:52 +0000 2013","user":{"screen_name":"Tigerfists88"},"text":".@BarackObama #News: President Obama Speaks on Manufacturing in Ohio  #TFB Obama #p2 #politics http://t.co/cNNjfSy9ee"}
{"created_at":"Fri Nov 15 01:54:02 +0000 2013","user":{"screen_name":"everyatomofme"},"text":"RT @realDonaldTrump: Breaking news--negotiations with Iranians broke down because Obama insisted that they use ObamaCare."}
{"created_at":"Fri Nov 15 01:54:02 +0000 2013","user":{"screen_name":"TodaysNetOffers"},"text":"#NEWS: You ‘Could Destabilize the Market’: Insurance Industry Warns of Problems With Obama’s Health Care ‘Fix’ http://t.co/fyii8VrXMJ"}
{"created_at":"Fri Nov 15 01:54:09 +0000 2013","user":{"screen_name":"chennaivision"},"text":"#World: #No need for fresh sanctions on Iran: Obama - http://t.co/tiIRaTO0Un"}
